<?xml version="1.0" encoding="UTF-8"?>
<!-- Generated by org.testng.reporters.JUnitReportReporter -->
<testsuite hostname="LAPTOP-2F29O7UJ" name="org.test.ClassA" tests="1" failures="0" timestamp="3 Apr 2021 13:03:30 GMT" time="13.594" errors="0">
  <testcase name="test1" time="13.594" classname="org.test.ClassA"/>
</testsuite> <!-- org.test.ClassA -->
