<?xml version="1.0" encoding="UTF-8"?>
<!-- Generated by org.testng.reporters.JUnitReportReporter -->
<testsuite hostname="LAPTOP-2F29O7UJ" name="org.test.AmazonBrowser" tests="1" failures="0" timestamp="13 Apr 2021 10:39:45 GMT" time="17.145" errors="0">
  <testcase name="test1" time="17.145" classname="org.test.AmazonBrowser"/>
</testsuite> <!-- org.test.AmazonBrowser -->
